<?xml version="1.0" encoding="UTF-8"?>
<testng-results skipped="0" failed="1" ignored="0" total="1" passed="0">
  <reporter-output>
  </reporter-output>
  <suite name="Default suite" duration-ms="34049" started-at="2018-04-09T18:27:28Z" finished-at="2018-04-09T18:28:02Z">
    <groups>
    </groups>
    <test name="Default test" duration-ms="34049" started-at="2018-04-09T18:27:28Z" finished-at="2018-04-09T18:28:02Z">
      <class name="testcases.TC004_DuplicateLead">
        <test-method status="PASS" signature="beforeSuite()[pri:0, instance:testcases.TC004_DuplicateLead@127bd23]" name="beforeSuite" is-config="true" duration-ms="616" started-at="2018-04-09T18:27:27Z" finished-at="2018-04-09T18:27:28Z">
          <reporter-output>
          </reporter-output>
        </test-method> <!-- beforeSuite -->
        <test-method status="PASS" signature="dataset()[pri:0, instance:testcases.TC004_DuplicateLead@127bd23]" name="dataset" is-config="true" duration-ms="0" started-at="2018-04-09T18:27:28Z" finished-at="2018-04-09T18:27:28Z">
          <reporter-output>
          </reporter-output>
        </test-method> <!-- dataset -->
        <test-method status="PASS" signature="beforeClass()[pri:0, instance:testcases.TC004_DuplicateLead@127bd23]" name="beforeClass" is-config="true" duration-ms="5" started-at="2018-04-09T18:27:28Z" finished-at="2018-04-09T18:27:28Z">
          <reporter-output>
          </reporter-output>
        </test-method> <!-- beforeClass -->
        <test-method status="PASS" signature="beforeMethod()[pri:0, instance:testcases.TC004_DuplicateLead@127bd23]" name="beforeMethod" is-config="true" duration-ms="7795" started-at="2018-04-09T18:27:29Z" finished-at="2018-04-09T18:27:36Z">
          <reporter-output>
          </reporter-output>
        </test-method> <!-- beforeMethod -->
        <test-method status="FAIL" signature="DuplicateLead(java.lang.String, java.lang.String, java.lang.String, java.lang.String)[pri:0, instance:testcases.TC004_DuplicateLead@127bd23]" name="DuplicateLead" duration-ms="24732" started-at="2018-04-09T18:27:36Z" data-provider="fetchData" finished-at="2018-04-09T18:28:01Z">
          <params>
            <param index="0">
              <value>
                <![CDATA[DemoSalesManager]]>
              </value>
            </param>
            <param index="1">
              <value>
                <![CDATA[crmsfa]]>
              </value>
            </param>
            <param index="2">
              <value>
                <![CDATA[gopinath@testleaf.com]]>
              </value>
            </param>
            <param index="3">
              <value>
                <![CDATA[]]>
              </value>
            </param>
          </params>
          <exception class="java.lang.RuntimeException">
            <full-stacktrace>
              <![CDATA[java.lang.RuntimeException
at utils.Reporter.reportStep(Reporter.java:60)
at utils.Reporter.reportStep(Reporter.java:70)
at wdMethods.SeMethods.verifyExactText(SeMethods.java:224)
at pages.ViewLeadPage.verifyDuplicateLead(ViewLeadPage.java:54)
at testcases.TC004_DuplicateLead.DuplicateLead(TC004_DuplicateLead.java:40)
at sun.reflect.NativeMethodAccessorImpl.invoke0(Native Method)
at sun.reflect.NativeMethodAccessorImpl.invoke(Unknown Source)
at sun.reflect.DelegatingMethodAccessorImpl.invoke(Unknown Source)
at java.lang.reflect.Method.invoke(Unknown Source)
at org.testng.internal.MethodInvocationHelper.invokeMethod(MethodInvocationHelper.java:124)
at org.testng.internal.Invoker.invokeMethod(Invoker.java:580)
at org.testng.internal.Invoker.invokeTestMethod(Invoker.java:716)
at org.testng.internal.Invoker.invokeTestMethods(Invoker.java:988)
at org.testng.internal.TestMethodWorker.invokeTestMethods(TestMethodWorker.java:125)
at org.testng.internal.TestMethodWorker.run(TestMethodWorker.java:109)
at org.testng.TestRunner.privateRun(TestRunner.java:648)
at org.testng.TestRunner.run(TestRunner.java:505)
at org.testng.SuiteRunner.runTest(SuiteRunner.java:455)
at org.testng.SuiteRunner.runSequentially(SuiteRunner.java:450)
at org.testng.SuiteRunner.privateRun(SuiteRunner.java:415)
at org.testng.SuiteRunner.run(SuiteRunner.java:364)
at org.testng.SuiteRunnerWorker.runSuite(SuiteRunnerWorker.java:52)
at org.testng.SuiteRunnerWorker.run(SuiteRunnerWorker.java:84)
at org.testng.TestNG.runSuitesSequentially(TestNG.java:1208)
at org.testng.TestNG.runSuitesLocally(TestNG.java:1137)
at org.testng.TestNG.runSuites(TestNG.java:1049)
at org.testng.TestNG.run(TestNG.java:1017)
at org.testng.remote.AbstractRemoteTestNG.run(AbstractRemoteTestNG.java:114)
at org.testng.remote.RemoteTestNG.initAndRun(RemoteTestNG.java:251)
at org.testng.remote.RemoteTestNG.main(RemoteTestNG.java:77)
]]>
            </full-stacktrace>
          </exception> <!-- java.lang.RuntimeException -->
          <reporter-output>
          </reporter-output>
        </test-method> <!-- DuplicateLead -->
        <test-method status="PASS" signature="afterMethod()[pri:0, instance:testcases.TC004_DuplicateLead@127bd23]" name="afterMethod" is-config="true" duration-ms="827" started-at="2018-04-09T18:28:01Z" finished-at="2018-04-09T18:28:02Z">
          <reporter-output>
          </reporter-output>
        </test-method> <!-- afterMethod -->
        <test-method status="PASS" signature="afterTest()[pri:0, instance:testcases.TC004_DuplicateLead@127bd23]" name="afterTest" is-config="true" duration-ms="0" started-at="2018-04-09T18:28:02Z" finished-at="2018-04-09T18:28:02Z">
          <reporter-output>
          </reporter-output>
        </test-method> <!-- afterTest -->
        <test-method status="PASS" signature="afterSuite()[pri:0, instance:testcases.TC004_DuplicateLead@127bd23]" name="afterSuite" is-config="true" duration-ms="544" started-at="2018-04-09T18:28:02Z" finished-at="2018-04-09T18:28:03Z">
          <reporter-output>
          </reporter-output>
        </test-method> <!-- afterSuite -->
      </class> <!-- testcases.TC004_DuplicateLead -->
    </test> <!-- Default test -->
  </suite> <!-- Default suite -->
</testng-results>
